✅ Commit on Sat Jul 12 06:15:02 UTC 2025
✅ Commit on Sun Jul 13 02:29:02 UTC 2025
✅ Commit 1 on Sun Jul 13 06:30:57 UTC 2025
✅ Commit 2 on Sun Jul 13 06:30:57 UTC 2025
✅ Commit 3 on Sun Jul 13 06:30:57 UTC 2025
✅ Commit 4 on Sun Jul 13 06:30:57 UTC 2025
✅ Commit 5 on Sun Jul 13 06:30:57 UTC 2025
✅ Commit 6 on Sun Jul 13 06:30:57 UTC 2025
✅ Commit 7 on Sun Jul 13 06:30:57 UTC 2025
✅ Commit 8 on Sun Jul 13 06:30:57 UTC 2025
✅ Commit 9 on Sun Jul 13 06:30:57 UTC 2025
✅ Commit 10 on Sun Jul 13 06:30:57 UTC 2025
✅ Commit 11 on Sun Jul 13 06:30:57 UTC 2025
✅ Commit 12 on Sun Jul 13 06:30:57 UTC 2025
✅ Commit 1 on Sun Jul 13 12:50:03 UTC 2025
✅ Commit 2 on Sun Jul 13 12:50:03 UTC 2025
✅ Commit 3 on Sun Jul 13 12:50:03 UTC 2025
✅ Commit 4 on Sun Jul 13 12:50:03 UTC 2025
✅ Commit 5 on Sun Jul 13 12:50:03 UTC 2025
✅ Commit 6 on Sun Jul 13 12:50:03 UTC 2025
✅ Commit 7 on Sun Jul 13 12:50:03 UTC 2025
✅ Commit 8 on Sun Jul 13 12:50:03 UTC 2025
✅ Commit 9 on Sun Jul 13 12:50:03 UTC 2025
✅ Commit 10 on Sun Jul 13 12:50:03 UTC 2025
✅ Commit 11 on Sun Jul 13 12:50:03 UTC 2025
✅ Commit 12 on Sun Jul 13 12:50:03 UTC 2025
✅ Commit 1 on Sun Jul 13 18:11:55 UTC 2025
✅ Commit 2 on Sun Jul 13 18:11:55 UTC 2025
✅ Commit 3 on Sun Jul 13 18:11:55 UTC 2025
✅ Commit 4 on Sun Jul 13 18:11:55 UTC 2025
✅ Commit 5 on Sun Jul 13 18:11:55 UTC 2025
✅ Commit 6 on Sun Jul 13 18:11:55 UTC 2025
✅ Commit 7 on Sun Jul 13 18:11:55 UTC 2025
✅ Commit 8 on Sun Jul 13 18:11:55 UTC 2025
✅ Commit 9 on Sun Jul 13 18:11:55 UTC 2025
✅ Commit 10 on Sun Jul 13 18:11:55 UTC 2025
✅ Commit 11 on Sun Jul 13 18:11:55 UTC 2025
✅ Commit 12 on Sun Jul 13 18:11:55 UTC 2025
✅ Commit 1 on Mon Jul 14 02:24:22 UTC 2025
✅ Commit 2 on Mon Jul 14 02:24:22 UTC 2025
✅ Commit 3 on Mon Jul 14 02:24:22 UTC 2025
✅ Commit 4 on Mon Jul 14 02:24:22 UTC 2025
✅ Commit 5 on Mon Jul 14 02:24:22 UTC 2025
✅ Commit 6 on Mon Jul 14 02:24:22 UTC 2025
✅ Commit 7 on Mon Jul 14 02:24:22 UTC 2025
✅ Commit 8 on Mon Jul 14 02:24:22 UTC 2025
✅ Commit 9 on Mon Jul 14 02:24:22 UTC 2025
✅ Commit 10 on Mon Jul 14 02:24:22 UTC 2025
✅ Commit 11 on Mon Jul 14 02:24:22 UTC 2025
✅ Commit 12 on Mon Jul 14 02:24:22 UTC 2025
✅ Commit 1 on Mon Jul 14 06:34:57 UTC 2025
✅ Commit 2 on Mon Jul 14 06:34:57 UTC 2025
✅ Commit 3 on Mon Jul 14 06:34:57 UTC 2025
✅ Commit 4 on Mon Jul 14 06:34:57 UTC 2025
✅ Commit 5 on Mon Jul 14 06:34:57 UTC 2025
✅ Commit 6 on Mon Jul 14 06:34:57 UTC 2025
✅ Commit 7 on Mon Jul 14 06:34:57 UTC 2025
✅ Commit 8 on Mon Jul 14 06:34:57 UTC 2025
✅ Commit 9 on Mon Jul 14 06:34:57 UTC 2025
✅ Commit 10 on Mon Jul 14 06:34:57 UTC 2025
✅ Commit 11 on Mon Jul 14 06:34:57 UTC 2025
✅ Commit 12 on Mon Jul 14 06:34:57 UTC 2025
✅ Commit 1 on Mon Jul 14 12:55:12 UTC 2025
✅ Commit 2 on Mon Jul 14 12:55:12 UTC 2025
✅ Commit 3 on Mon Jul 14 12:55:12 UTC 2025
✅ Commit 4 on Mon Jul 14 12:55:12 UTC 2025
✅ Commit 5 on Mon Jul 14 12:55:12 UTC 2025
✅ Commit 6 on Mon Jul 14 12:55:12 UTC 2025
✅ Commit 7 on Mon Jul 14 12:55:12 UTC 2025
✅ Commit 8 on Mon Jul 14 12:55:12 UTC 2025
✅ Commit 9 on Mon Jul 14 12:55:12 UTC 2025
✅ Commit 10 on Mon Jul 14 12:55:12 UTC 2025
✅ Commit 11 on Mon Jul 14 12:55:12 UTC 2025
✅ Commit 12 on Mon Jul 14 12:55:12 UTC 2025
✅ Commit 1 on Mon Jul 14 18:14:47 UTC 2025
✅ Commit 2 on Mon Jul 14 18:14:47 UTC 2025
✅ Commit 3 on Mon Jul 14 18:14:47 UTC 2025
✅ Commit 4 on Mon Jul 14 18:14:47 UTC 2025
✅ Commit 5 on Mon Jul 14 18:14:47 UTC 2025
✅ Commit 6 on Mon Jul 14 18:14:47 UTC 2025
✅ Commit 7 on Mon Jul 14 18:14:47 UTC 2025
✅ Commit 8 on Mon Jul 14 18:14:47 UTC 2025
✅ Commit 9 on Mon Jul 14 18:14:47 UTC 2025
✅ Commit 10 on Mon Jul 14 18:14:47 UTC 2025
✅ Commit 11 on Mon Jul 14 18:14:47 UTC 2025
✅ Commit 12 on Mon Jul 14 18:14:47 UTC 2025
✅ Commit 1 on Tue Jul 15 02:23:51 UTC 2025
✅ Commit 2 on Tue Jul 15 02:23:51 UTC 2025
✅ Commit 3 on Tue Jul 15 02:23:51 UTC 2025
✅ Commit 4 on Tue Jul 15 02:23:51 UTC 2025
✅ Commit 5 on Tue Jul 15 02:23:51 UTC 2025
✅ Commit 6 on Tue Jul 15 02:23:51 UTC 2025
✅ Commit 7 on Tue Jul 15 02:23:51 UTC 2025
✅ Commit 8 on Tue Jul 15 02:23:51 UTC 2025
✅ Commit 9 on Tue Jul 15 02:23:51 UTC 2025
✅ Commit 10 on Tue Jul 15 02:23:51 UTC 2025
✅ Commit 11 on Tue Jul 15 02:23:51 UTC 2025
✅ Commit 12 on Tue Jul 15 02:23:51 UTC 2025
✅ Commit 1 on Tue Jul 15 06:34:22 UTC 2025
✅ Commit 2 on Tue Jul 15 06:34:22 UTC 2025
✅ Commit 3 on Tue Jul 15 06:34:22 UTC 2025
✅ Commit 4 on Tue Jul 15 06:34:22 UTC 2025
✅ Commit 5 on Tue Jul 15 06:34:22 UTC 2025
✅ Commit 6 on Tue Jul 15 06:34:22 UTC 2025
✅ Commit 7 on Tue Jul 15 06:34:22 UTC 2025
✅ Commit 8 on Tue Jul 15 06:34:22 UTC 2025
✅ Commit 9 on Tue Jul 15 06:34:22 UTC 2025
✅ Commit 10 on Tue Jul 15 06:34:22 UTC 2025
✅ Commit 11 on Tue Jul 15 06:34:22 UTC 2025
✅ Commit 12 on Tue Jul 15 06:34:22 UTC 2025
✅ Commit 1 on Tue Jul 15 12:55:43 UTC 2025
✅ Commit 2 on Tue Jul 15 12:55:43 UTC 2025
✅ Commit 3 on Tue Jul 15 12:55:43 UTC 2025
✅ Commit 4 on Tue Jul 15 12:55:43 UTC 2025
✅ Commit 5 on Tue Jul 15 12:55:43 UTC 2025
✅ Commit 6 on Tue Jul 15 12:55:43 UTC 2025
✅ Commit 7 on Tue Jul 15 12:55:43 UTC 2025
✅ Commit 8 on Tue Jul 15 12:55:43 UTC 2025
✅ Commit 9 on Tue Jul 15 12:55:43 UTC 2025
✅ Commit 10 on Tue Jul 15 12:55:43 UTC 2025
✅ Commit 11 on Tue Jul 15 12:55:43 UTC 2025
✅ Commit 12 on Tue Jul 15 12:55:43 UTC 2025
✅ Commit 1 on Tue Jul 15 18:14:36 UTC 2025
✅ Commit 2 on Tue Jul 15 18:14:36 UTC 2025
✅ Commit 3 on Tue Jul 15 18:14:36 UTC 2025
✅ Commit 4 on Tue Jul 15 18:14:36 UTC 2025
✅ Commit 5 on Tue Jul 15 18:14:36 UTC 2025
✅ Commit 6 on Tue Jul 15 18:14:36 UTC 2025
✅ Commit 7 on Tue Jul 15 18:14:36 UTC 2025
✅ Commit 8 on Tue Jul 15 18:14:36 UTC 2025
✅ Commit 9 on Tue Jul 15 18:14:36 UTC 2025
✅ Commit 10 on Tue Jul 15 18:14:36 UTC 2025
✅ Commit 11 on Tue Jul 15 18:14:36 UTC 2025
✅ Commit 12 on Tue Jul 15 18:14:36 UTC 2025
✅ Commit 1 on Wed Jul 16 02:20:47 UTC 2025
✅ Commit 2 on Wed Jul 16 02:20:47 UTC 2025
✅ Commit 3 on Wed Jul 16 02:20:47 UTC 2025
✅ Commit 4 on Wed Jul 16 02:20:47 UTC 2025
✅ Commit 5 on Wed Jul 16 02:20:47 UTC 2025
✅ Commit 6 on Wed Jul 16 02:20:47 UTC 2025
✅ Commit 7 on Wed Jul 16 02:20:47 UTC 2025
✅ Commit 8 on Wed Jul 16 02:20:47 UTC 2025
✅ Commit 9 on Wed Jul 16 02:20:47 UTC 2025
✅ Commit 10 on Wed Jul 16 02:20:47 UTC 2025
✅ Commit 11 on Wed Jul 16 02:20:47 UTC 2025
✅ Commit 12 on Wed Jul 16 02:20:47 UTC 2025
✅ Commit 1 on Wed Jul 16 06:33:49 UTC 2025
✅ Commit 2 on Wed Jul 16 06:33:49 UTC 2025
✅ Commit 3 on Wed Jul 16 06:33:49 UTC 2025
✅ Commit 4 on Wed Jul 16 06:33:49 UTC 2025
✅ Commit 5 on Wed Jul 16 06:33:49 UTC 2025
✅ Commit 6 on Wed Jul 16 06:33:49 UTC 2025
✅ Commit 7 on Wed Jul 16 06:33:49 UTC 2025
✅ Commit 8 on Wed Jul 16 06:33:49 UTC 2025
✅ Commit 9 on Wed Jul 16 06:33:49 UTC 2025
✅ Commit 10 on Wed Jul 16 06:33:49 UTC 2025
✅ Commit 11 on Wed Jul 16 06:33:49 UTC 2025
✅ Commit 12 on Wed Jul 16 06:33:49 UTC 2025
✅ Commit 1 on Wed Jul 16 12:56:23 UTC 2025
✅ Commit 2 on Wed Jul 16 12:56:24 UTC 2025
✅ Commit 3 on Wed Jul 16 12:56:24 UTC 2025
✅ Commit 4 on Wed Jul 16 12:56:24 UTC 2025
✅ Commit 5 on Wed Jul 16 12:56:24 UTC 2025
✅ Commit 6 on Wed Jul 16 12:56:24 UTC 2025
✅ Commit 7 on Wed Jul 16 12:56:24 UTC 2025
✅ Commit 8 on Wed Jul 16 12:56:24 UTC 2025
✅ Commit 9 on Wed Jul 16 12:56:24 UTC 2025
✅ Commit 10 on Wed Jul 16 12:56:24 UTC 2025
✅ Commit 11 on Wed Jul 16 12:56:24 UTC 2025
✅ Commit 12 on Wed Jul 16 12:56:24 UTC 2025
✅ Commit 1 on Wed Jul 16 18:14:09 UTC 2025
✅ Commit 2 on Wed Jul 16 18:14:09 UTC 2025
✅ Commit 3 on Wed Jul 16 18:14:09 UTC 2025
✅ Commit 4 on Wed Jul 16 18:14:09 UTC 2025
✅ Commit 5 on Wed Jul 16 18:14:09 UTC 2025
✅ Commit 6 on Wed Jul 16 18:14:09 UTC 2025
✅ Commit 7 on Wed Jul 16 18:14:09 UTC 2025
✅ Commit 8 on Wed Jul 16 18:14:09 UTC 2025
✅ Commit 9 on Wed Jul 16 18:14:09 UTC 2025
✅ Commit 10 on Wed Jul 16 18:14:09 UTC 2025
✅ Commit 11 on Wed Jul 16 18:14:09 UTC 2025
✅ Commit 12 on Wed Jul 16 18:14:09 UTC 2025
✅ Commit 1 on Thu Jul 17 02:21:18 UTC 2025
✅ Commit 2 on Thu Jul 17 02:21:18 UTC 2025
✅ Commit 3 on Thu Jul 17 02:21:18 UTC 2025
✅ Commit 4 on Thu Jul 17 02:21:18 UTC 2025
✅ Commit 5 on Thu Jul 17 02:21:18 UTC 2025
✅ Commit 6 on Thu Jul 17 02:21:18 UTC 2025
✅ Commit 7 on Thu Jul 17 02:21:18 UTC 2025
✅ Commit 8 on Thu Jul 17 02:21:18 UTC 2025
✅ Commit 9 on Thu Jul 17 02:21:18 UTC 2025
✅ Commit 10 on Thu Jul 17 02:21:18 UTC 2025
✅ Commit 11 on Thu Jul 17 02:21:18 UTC 2025
✅ Commit 12 on Thu Jul 17 02:21:18 UTC 2025
✅ Commit 1 on Thu Jul 17 06:33:30 UTC 2025
✅ Commit 2 on Thu Jul 17 06:33:30 UTC 2025
✅ Commit 3 on Thu Jul 17 06:33:30 UTC 2025
✅ Commit 4 on Thu Jul 17 06:33:30 UTC 2025
✅ Commit 5 on Thu Jul 17 06:33:30 UTC 2025
✅ Commit 6 on Thu Jul 17 06:33:30 UTC 2025
✅ Commit 7 on Thu Jul 17 06:33:30 UTC 2025
✅ Commit 8 on Thu Jul 17 06:33:30 UTC 2025
✅ Commit 9 on Thu Jul 17 06:33:30 UTC 2025
✅ Commit 10 on Thu Jul 17 06:33:30 UTC 2025
✅ Commit 11 on Thu Jul 17 06:33:30 UTC 2025
✅ Commit 12 on Thu Jul 17 06:33:30 UTC 2025
✅ Commit 1 on Thu Jul 17 12:55:27 UTC 2025
✅ Commit 2 on Thu Jul 17 12:55:27 UTC 2025
✅ Commit 3 on Thu Jul 17 12:55:27 UTC 2025
✅ Commit 4 on Thu Jul 17 12:55:27 UTC 2025
✅ Commit 5 on Thu Jul 17 12:55:27 UTC 2025
✅ Commit 6 on Thu Jul 17 12:55:27 UTC 2025
✅ Commit 7 on Thu Jul 17 12:55:27 UTC 2025
✅ Commit 8 on Thu Jul 17 12:55:27 UTC 2025
✅ Commit 9 on Thu Jul 17 12:55:27 UTC 2025
✅ Commit 10 on Thu Jul 17 12:55:27 UTC 2025
✅ Commit 11 on Thu Jul 17 12:55:27 UTC 2025
✅ Commit 12 on Thu Jul 17 12:55:27 UTC 2025
✅ Commit 1 on Thu Jul 17 18:14:26 UTC 2025
✅ Commit 2 on Thu Jul 17 18:14:26 UTC 2025
✅ Commit 3 on Thu Jul 17 18:14:26 UTC 2025
✅ Commit 4 on Thu Jul 17 18:14:26 UTC 2025
✅ Commit 5 on Thu Jul 17 18:14:26 UTC 2025
✅ Commit 6 on Thu Jul 17 18:14:26 UTC 2025
✅ Commit 7 on Thu Jul 17 18:14:26 UTC 2025
✅ Commit 8 on Thu Jul 17 18:14:26 UTC 2025
✅ Commit 9 on Thu Jul 17 18:14:26 UTC 2025
✅ Commit 10 on Thu Jul 17 18:14:26 UTC 2025
✅ Commit 11 on Thu Jul 17 18:14:26 UTC 2025
✅ Commit 12 on Thu Jul 17 18:14:26 UTC 2025
✅ Commit 1 on Fri Jul 18 02:22:47 UTC 2025
✅ Commit 2 on Fri Jul 18 02:22:47 UTC 2025
✅ Commit 3 on Fri Jul 18 02:22:47 UTC 2025
✅ Commit 4 on Fri Jul 18 02:22:47 UTC 2025
✅ Commit 5 on Fri Jul 18 02:22:47 UTC 2025
✅ Commit 6 on Fri Jul 18 02:22:47 UTC 2025
✅ Commit 7 on Fri Jul 18 02:22:47 UTC 2025
✅ Commit 8 on Fri Jul 18 02:22:47 UTC 2025
✅ Commit 9 on Fri Jul 18 02:22:47 UTC 2025
✅ Commit 10 on Fri Jul 18 02:22:47 UTC 2025
✅ Commit 11 on Fri Jul 18 02:22:47 UTC 2025
✅ Commit 12 on Fri Jul 18 02:22:47 UTC 2025
✅ Commit 1 on Fri Jul 18 06:33:29 UTC 2025
✅ Commit 2 on Fri Jul 18 06:33:29 UTC 2025
✅ Commit 3 on Fri Jul 18 06:33:29 UTC 2025
✅ Commit 4 on Fri Jul 18 06:33:29 UTC 2025
✅ Commit 5 on Fri Jul 18 06:33:29 UTC 2025
✅ Commit 6 on Fri Jul 18 06:33:29 UTC 2025
✅ Commit 7 on Fri Jul 18 06:33:29 UTC 2025
✅ Commit 8 on Fri Jul 18 06:33:29 UTC 2025
✅ Commit 9 on Fri Jul 18 06:33:29 UTC 2025
✅ Commit 10 on Fri Jul 18 06:33:29 UTC 2025
✅ Commit 11 on Fri Jul 18 06:33:29 UTC 2025
✅ Commit 12 on Fri Jul 18 06:33:29 UTC 2025
